2025-08-18 23:10:48.513 [info] (Client) Pylance async client (2025.6.2) started with python extension (2025.12.0)
2025-08-18 23:10:49.765 [info] [Info  - 11:10:49 PM] (4362) Server root directory: file:///root/.vscode/extensions/ms-python.vscode-pylance-2025.6.2/dist
2025-08-18 23:10:49.768 [info] [Info  - 11:10:49 PM] (4362) Pylance language server 2025.6.2 (pyright version 1.1.402, commit 9496ae00) starting
2025-08-18 23:10:49.768 [info] [Info  - 11:10:49 PM] (4362) Starting service instance "tateti" for workspace "/root/computaci-n-2025-08-05-ta-te-ti-SebastianMerino017/tateti"
2025-08-18 23:10:49.891 [info] [Info  - 11:10:49 PM] (4362) Setting environmentName for service "tateti": "3.13.3 (global)"
2025-08-18 23:10:49.891 [info] [Info  - 11:10:49 PM] (4362) Setting pythonPath for service "tateti": "/usr/bin/python"
2025-08-18 23:10:49.891 [info] [Info  - 11:10:49 PM] (4362) No include entries specified; assuming /root/computaci-n-2025-08-05-ta-te-ti-SebastianMerino017/tateti
2025-08-18 23:10:49.892 [info] [Info  - 11:10:49 PM] (4362) Auto-excluding **/node_modules
2025-08-18 23:10:49.892 [info] [Info  - 11:10:49 PM] (4362) Auto-excluding **/__pycache__
2025-08-18 23:10:49.892 [info] [Info  - 11:10:49 PM] (4362) Auto-excluding **/.*
2025-08-18 23:10:49.925 [info] [Info  - 11:10:49 PM] (4362) Assuming Python version 3.13.3.final.0
2025-08-18 23:10:50.048 [info] [Info  - 11:10:50 PM] (4362) Found 5 source files
2025-08-18 23:10:50.077 [info] [Info  - 11:10:50 PM] (4362) Setting environmentName for service "tateti": "3.13.3 (global)"
2025-08-18 23:10:50.077 [info] [Info  - 11:10:50 PM] (4362) Setting pythonPath for service "tateti": "/usr/bin/python"
2025-08-18 23:10:50.077 [info] [Info  - 11:10:50 PM] (4362) No include entries specified; assuming /root/computaci-n-2025-08-05-ta-te-ti-SebastianMerino017/tateti
2025-08-18 23:10:50.077 [info] [Info  - 11:10:50 PM] (4362) Auto-excluding **/node_modules
2025-08-18 23:10:50.078 [info] [Info  - 11:10:50 PM] (4362) Auto-excluding **/__pycache__
2025-08-18 23:10:50.078 [info] [Info  - 11:10:50 PM] (4362) Auto-excluding **/.*
2025-08-18 23:10:50.114 [info] [Info  - 11:10:50 PM] (4362) Assuming Python version 3.13.3.final.0
2025-08-18 23:10:50.216 [info] [Info  - 11:10:50 PM] (4362) Found 5 source files
2025-08-18 23:10:51.033 [info] [Info  - 11:10:51 PM] (4362) BG: Priority queue background worker(2) root directory: file:///root/.vscode/extensions/ms-python.vscode-pylance-2025.6.2/dist
2025-08-18 23:10:51.034 [info] [Info  - 11:10:51 PM] (4362) BG: Priority queue background worker(2) started
2025-08-18 23:10:51.532 [info] [Info  - 11:10:51 PM] (4362) BG: Indexer background runner(3) root directory: file:///root/.vscode/extensions/ms-python.vscode-pylance-2025.6.2/dist (index)
2025-08-18 23:10:51.532 [info] [Info  - 11:10:51 PM] (4362) BG: Indexing(3) started
2025-08-18 23:10:52.189 [info] [Info  - 11:10:52 PM] (4362) BG: scanned(3) 104 files over 1 exec env
2025-08-18 23:10:54.149 [info] [Info  - 11:10:54 PM] (4362) BG: indexed(3) 104 files over 1 exec env
2025-08-18 23:10:54.202 [info] [Info  - 11:10:54 PM] (4362) BG: Indexing finished(3).
2025-08-18 23:12:12.908 [info] [Info  - 11:12:12 PM] (4362) Found 6 source files
